<?xml version="1.0" encoding="UTF-8"?>
<!-- Generated by org.testng.reporters.JUnitXMLReporter -->
<testsuite ignored="4" hostname="SLIDEQA2" failures="0" tests="24" name="Test" time="1205.372" errors="0" timestamp="2022-04-13T15:45:03 IST">
  <testcase classname="GeeksTestCases.WidgetsPages" name="checkResolutionForWidgets" time="22.42"/>
  <testcase classname="GeeksTestCases.SliPages" name="checkResolutionForSliPages" time="79.065"/>
  <testcase classname="GeeksTestCases.SliPages" name="checkResolutionForSliPages" time="76.73"/>
  <testcase classname="GeeksTestCases.SliPages" name="checkResolutionForSliPages" time="83.066"/>
  <testcase classname="GeeksTestCases.SliPages" name="checkResolutionForSliPages" time="76.453"/>
  <testcase classname="GeeksTestCases.SliPages" name="checkResolutionForSliPages" time="76.568"/>
  <testcase classname="GeeksTestCases.SliPages" name="checkResolutionForSliPages" time="77.422"/>
  <testcase classname="GeeksTestCases.SliPages" name="checkResolutionForSliPages" time="79.368"/>
  <testcase classname="GeeksTestCases.SliPages" name="checkResolutionForSliPages" time="76.01"/>
  <testcase classname="GeeksTestCases.NewAddition" name="checkResolutionForNewlyProducts" time="35.581"/>
  <testcase classname="GeeksTestCases.NewAddition" name="checkResolutionForNewlyProducts" time="36.111"/>
  <testcase classname="GeeksTestCases.NewAddition" name="checkResolutionForNewlyProducts" time="35.641"/>
  <testcase classname="GeeksTestCases.NewAddition" name="checkResolutionForNewlyProducts" time="36.169"/>
  <testcase classname="GeeksTestCases.NewAddition" name="checkResolutionForNewlyProducts" time="37.257"/>
  <testcase classname="GeeksTestCases.NewAddition" name="checkResolutionForNewlyProducts" time="35.845"/>
  <testcase classname="GeeksTestCases.NewAddition" name="checkResolutionForNewlyProducts" time="36.546"/>
  <testcase classname="GeeksTestCases.NewAddition" name="checkResolutionForNewlyProducts" time="35.967"/>
  <testcase classname="GeeksTestCases.MostDownloaded" name="checkResolutionForpopularPPts" time="38.763"/>
  <testcase classname="GeeksTestCases.MostDownloaded" name="checkResolutionForpopularPPts" time="38.038"/>
  <testcase classname="GeeksTestCases.MostDownloaded" name="checkResolutionForpopularPPts" time="39.513"/>
  <testcase classname="GeeksTestCases.MostDownloaded" name="checkResolutionForpopularPPts" time="37.734"/>
  <testcase classname="GeeksTestCases.MostDownloaded" name="checkResolutionForpopularPPts" time="38.254"/>
  <testcase classname="GeeksTestCases.MostDownloaded" name="checkResolutionForpopularPPts" time="38.465"/>
  <testcase classname="GeeksTestCases.MostDownloaded" name="checkResolutionForpopularPPts" time="38.347"/>
  <testcase classname="GeeksTestCases.BaseClass" name="@BeforeSuite setUp" time="0.0">
    <ignored/>
  </testcase> <!-- @BeforeSuite setUp -->
  <testcase classname="GeeksTestCases.BaseClass" name="@BeforeSuite setUp" time="0.0">
    <ignored/>
  </testcase> <!-- @BeforeSuite setUp -->
  <testcase classname="GeeksTestCases.BaseClass" name="@BeforeSuite setUp" time="0.0">
    <ignored/>
  </testcase> <!-- @BeforeSuite setUp -->
  <testcase classname="GeeksTestCases.BaseClass" name="@BeforeSuite setUp" time="0.0">
    <ignored/>
  </testcase> <!-- @BeforeSuite setUp -->
</testsuite> <!-- Test -->
