<?xml version="1.0" encoding="UTF-8"?>
<testng-results ignored="4" total="28" passed="24" failed="0" skipped="0">
  <reporter-output>
  </reporter-output>
  <suite started-at="2022-04-13T15:24:57 IST" name="Suite" finished-at="2022-04-13T15:45:02 IST" duration-ms="1205372">
    <groups>
    </groups>
    <test started-at="2022-04-13T15:24:57 IST" name="Test" finished-at="2022-04-13T15:45:02 IST" duration-ms="1205372">
      <class name="GeeksTestCases.MostDownloaded">
        <test-method signature="checkResolutionForpopularPPts(int,int)[pri:0, instance:GeeksTestCases.MostDownloaded@40317ba2]" started-at="2022-04-13T15:40:33 IST" name="checkResolutionForpopularPPts" data-provider="windowResolution" finished-at="2022-04-13T15:41:12 IST" duration-ms="38763" status="PASS">
          <params>
            <param index="0">
              <value>
                <![CDATA[1920]]>
              </value>
            </param>
            <param index="1">
              <value>
                <![CDATA[1080]]>
              </value>
            </param>
          </params>
          <reporter-output>
          </reporter-output>
        </test-method> <!-- checkResolutionForpopularPPts -->
        <test-method signature="checkResolutionForpopularPPts(int,int)[pri:0, instance:GeeksTestCases.MostDownloaded@40317ba2]" started-at="2022-04-13T15:41:12 IST" name="checkResolutionForpopularPPts" data-provider="windowResolution" finished-at="2022-04-13T15:41:50 IST" duration-ms="38038" status="PASS">
          <params>
            <param index="0">
              <value>
                <![CDATA[1280]]>
              </value>
            </param>
            <param index="1">
              <value>
                <![CDATA[720]]>
              </value>
            </param>
          </params>
          <reporter-output>
          </reporter-output>
        </test-method> <!-- checkResolutionForpopularPPts -->
        <test-method signature="checkResolutionForpopularPPts(int,int)[pri:0, instance:GeeksTestCases.MostDownloaded@40317ba2]" started-at="2022-04-13T15:41:50 IST" name="checkResolutionForpopularPPts" data-provider="windowResolution" finished-at="2022-04-13T15:42:30 IST" duration-ms="39513" status="PASS">
          <params>
            <param index="0">
              <value>
                <![CDATA[1920]]>
              </value>
            </param>
            <param index="1">
              <value>
                <![CDATA[1200]]>
              </value>
            </param>
          </params>
          <reporter-output>
          </reporter-output>
        </test-method> <!-- checkResolutionForpopularPPts -->
        <test-method signature="checkResolutionForpopularPPts(int,int)[pri:0, instance:GeeksTestCases.MostDownloaded@40317ba2]" started-at="2022-04-13T15:42:30 IST" name="checkResolutionForpopularPPts" data-provider="windowResolution" finished-at="2022-04-13T15:43:07 IST" duration-ms="37734" status="PASS">
          <params>
            <param index="0">
              <value>
                <![CDATA[2560]]>
              </value>
            </param>
            <param index="1">
              <value>
                <![CDATA[1440]]>
              </value>
            </param>
          </params>
          <reporter-output>
          </reporter-output>
        </test-method> <!-- checkResolutionForpopularPPts -->
        <test-method signature="checkResolutionForpopularPPts(int,int)[pri:0, instance:GeeksTestCases.MostDownloaded@40317ba2]" started-at="2022-04-13T15:43:07 IST" name="checkResolutionForpopularPPts" data-provider="windowResolution" finished-at="2022-04-13T15:43:46 IST" duration-ms="38254" status="PASS">
          <params>
            <param index="0">
              <value>
                <![CDATA[1536]]>
              </value>
            </param>
            <param index="1">
              <value>
                <![CDATA[864]]>
              </value>
            </param>
          </params>
          <reporter-output>
          </reporter-output>
        </test-method> <!-- checkResolutionForpopularPPts -->
        <test-method signature="checkResolutionForpopularPPts(int,int)[pri:0, instance:GeeksTestCases.MostDownloaded@40317ba2]" started-at="2022-04-13T15:43:46 IST" name="checkResolutionForpopularPPts" data-provider="windowResolution" finished-at="2022-04-13T15:44:24 IST" duration-ms="38465" status="PASS">
          <params>
            <param index="0">
              <value>
                <![CDATA[1366]]>
              </value>
            </param>
            <param index="1">
              <value>
                <![CDATA[768]]>
              </value>
            </param>
          </params>
          <reporter-output>
          </reporter-output>
        </test-method> <!-- checkResolutionForpopularPPts -->
        <test-method signature="checkResolutionForpopularPPts(int,int)[pri:0, instance:GeeksTestCases.MostDownloaded@40317ba2]" started-at="2022-04-13T15:44:24 IST" name="checkResolutionForpopularPPts" data-provider="windowResolution" finished-at="2022-04-13T15:45:02 IST" duration-ms="38347" status="PASS">
          <params>
            <param index="0">
              <value>
                <![CDATA[1440]]>
              </value>
            </param>
            <param index="1">
              <value>
                <![CDATA[900]]>
              </value>
            </param>
          </params>
          <reporter-output>
          </reporter-output>
        </test-method> <!-- checkResolutionForpopularPPts -->
      </class> <!-- GeeksTestCases.MostDownloaded -->
      <class name="GeeksTestCases.NewAddition">
        <test-method signature="checkResolutionForNewlyProducts(int,int)[pri:0, instance:GeeksTestCases.NewAddition@4816278d]" started-at="2022-04-13T15:35:44 IST" name="checkResolutionForNewlyProducts" data-provider="windowResolution" finished-at="2022-04-13T15:36:20 IST" duration-ms="35581" status="PASS">
          <params>
            <param index="0">
              <value>
                <![CDATA[2560]]>
              </value>
            </param>
            <param index="1">
              <value>
                <![CDATA[1440]]>
              </value>
            </param>
          </params>
          <reporter-output>
          </reporter-output>
        </test-method> <!-- checkResolutionForNewlyProducts -->
        <test-method signature="checkResolutionForNewlyProducts(int,int)[pri:0, instance:GeeksTestCases.NewAddition@4816278d]" started-at="2022-04-13T15:36:20 IST" name="checkResolutionForNewlyProducts" data-provider="windowResolution" finished-at="2022-04-13T15:36:56 IST" duration-ms="36111" status="PASS">
          <params>
            <param index="0">
              <value>
                <![CDATA[1920]]>
              </value>
            </param>
            <param index="1">
              <value>
                <![CDATA[1080]]>
              </value>
            </param>
          </params>
          <reporter-output>
          </reporter-output>
        </test-method> <!-- checkResolutionForNewlyProducts -->
        <test-method signature="checkResolutionForNewlyProducts(int,int)[pri:0, instance:GeeksTestCases.NewAddition@4816278d]" started-at="2022-04-13T15:36:56 IST" name="checkResolutionForNewlyProducts" data-provider="windowResolution" finished-at="2022-04-13T15:37:32 IST" duration-ms="35641" status="PASS">
          <params>
            <param index="0">
              <value>
                <![CDATA[1280]]>
              </value>
            </param>
            <param index="1">
              <value>
                <![CDATA[720]]>
              </value>
            </param>
          </params>
          <reporter-output>
          </reporter-output>
        </test-method> <!-- checkResolutionForNewlyProducts -->
        <test-method signature="checkResolutionForNewlyProducts(int,int)[pri:0, instance:GeeksTestCases.NewAddition@4816278d]" started-at="2022-04-13T15:37:32 IST" name="checkResolutionForNewlyProducts" data-provider="windowResolution" finished-at="2022-04-13T15:38:08 IST" duration-ms="36169" status="PASS">
          <params>
            <param index="0">
              <value>
                <![CDATA[1920]]>
              </value>
            </param>
            <param index="1">
              <value>
                <![CDATA[1200]]>
              </value>
            </param>
          </params>
          <reporter-output>
          </reporter-output>
        </test-method> <!-- checkResolutionForNewlyProducts -->
        <test-method signature="checkResolutionForNewlyProducts(int,int)[pri:0, instance:GeeksTestCases.NewAddition@4816278d]" started-at="2022-04-13T15:38:08 IST" name="checkResolutionForNewlyProducts" data-provider="windowResolution" finished-at="2022-04-13T15:38:45 IST" duration-ms="37257" status="PASS">
          <params>
            <param index="0">
              <value>
                <![CDATA[1536]]>
              </value>
            </param>
            <param index="1">
              <value>
                <![CDATA[864]]>
              </value>
            </param>
          </params>
          <reporter-output>
          </reporter-output>
        </test-method> <!-- checkResolutionForNewlyProducts -->
        <test-method signature="checkResolutionForNewlyProducts(int,int)[pri:0, instance:GeeksTestCases.NewAddition@4816278d]" started-at="2022-04-13T15:38:45 IST" name="checkResolutionForNewlyProducts" data-provider="windowResolution" finished-at="2022-04-13T15:39:21 IST" duration-ms="35845" status="PASS">
          <params>
            <param index="0">
              <value>
                <![CDATA[1680]]>
              </value>
            </param>
            <param index="1">
              <value>
                <![CDATA[1050]]>
              </value>
            </param>
          </params>
          <reporter-output>
          </reporter-output>
        </test-method> <!-- checkResolutionForNewlyProducts -->
        <test-method signature="checkResolutionForNewlyProducts(int,int)[pri:0, instance:GeeksTestCases.NewAddition@4816278d]" started-at="2022-04-13T15:39:21 IST" name="checkResolutionForNewlyProducts" data-provider="windowResolution" finished-at="2022-04-13T15:39:57 IST" duration-ms="36546" status="PASS">
          <params>
            <param index="0">
              <value>
                <![CDATA[1366]]>
              </value>
            </param>
            <param index="1">
              <value>
                <![CDATA[768]]>
              </value>
            </param>
          </params>
          <reporter-output>
          </reporter-output>
        </test-method> <!-- checkResolutionForNewlyProducts -->
        <test-method signature="checkResolutionForNewlyProducts(int,int)[pri:0, instance:GeeksTestCases.NewAddition@4816278d]" started-at="2022-04-13T15:39:57 IST" name="checkResolutionForNewlyProducts" data-provider="windowResolution" finished-at="2022-04-13T15:40:33 IST" duration-ms="35967" status="PASS">
          <params>
            <param index="0">
              <value>
                <![CDATA[1440]]>
              </value>
            </param>
            <param index="1">
              <value>
                <![CDATA[900]]>
              </value>
            </param>
          </params>
          <reporter-output>
          </reporter-output>
        </test-method> <!-- checkResolutionForNewlyProducts -->
      </class> <!-- GeeksTestCases.NewAddition -->
      <class name="GeeksTestCases.SliPages">
        <test-method signature="checkResolutionForSliPages(int,int)[pri:0, instance:GeeksTestCases.SliPages@68f4865]" started-at="2022-04-13T15:25:20 IST" name="checkResolutionForSliPages" data-provider="windowResolution" finished-at="2022-04-13T15:26:39 IST" duration-ms="79065" status="PASS">
          <params>
            <param index="0">
              <value>
                <![CDATA[2560]]>
              </value>
            </param>
            <param index="1">
              <value>
                <![CDATA[1440]]>
              </value>
            </param>
          </params>
          <reporter-output>
          </reporter-output>
        </test-method> <!-- checkResolutionForSliPages -->
        <test-method signature="checkResolutionForSliPages(int,int)[pri:0, instance:GeeksTestCases.SliPages@68f4865]" started-at="2022-04-13T15:26:39 IST" name="checkResolutionForSliPages" data-provider="windowResolution" finished-at="2022-04-13T15:27:55 IST" duration-ms="76730" status="PASS">
          <params>
            <param index="0">
              <value>
                <![CDATA[1920]]>
              </value>
            </param>
            <param index="1">
              <value>
                <![CDATA[1080]]>
              </value>
            </param>
          </params>
          <reporter-output>
          </reporter-output>
        </test-method> <!-- checkResolutionForSliPages -->
        <test-method signature="checkResolutionForSliPages(int,int)[pri:0, instance:GeeksTestCases.SliPages@68f4865]" started-at="2022-04-13T15:27:55 IST" name="checkResolutionForSliPages" data-provider="windowResolution" finished-at="2022-04-13T15:29:18 IST" duration-ms="83066" status="PASS">
          <params>
            <param index="0">
              <value>
                <![CDATA[1366]]>
              </value>
            </param>
            <param index="1">
              <value>
                <![CDATA[768]]>
              </value>
            </param>
          </params>
          <reporter-output>
          </reporter-output>
        </test-method> <!-- checkResolutionForSliPages -->
        <test-method signature="checkResolutionForSliPages(int,int)[pri:0, instance:GeeksTestCases.SliPages@68f4865]" started-at="2022-04-13T15:29:18 IST" name="checkResolutionForSliPages" data-provider="windowResolution" finished-at="2022-04-13T15:30:35 IST" duration-ms="76453" status="PASS">
          <params>
            <param index="0">
              <value>
                <![CDATA[1920]]>
              </value>
            </param>
            <param index="1">
              <value>
                <![CDATA[1200]]>
              </value>
            </param>
          </params>
          <reporter-output>
          </reporter-output>
        </test-method> <!-- checkResolutionForSliPages -->
        <test-method signature="checkResolutionForSliPages(int,int)[pri:0, instance:GeeksTestCases.SliPages@68f4865]" started-at="2022-04-13T15:30:35 IST" name="checkResolutionForSliPages" data-provider="windowResolution" finished-at="2022-04-13T15:31:51 IST" duration-ms="76568" status="PASS">
          <params>
            <param index="0">
              <value>
                <![CDATA[1440]]>
              </value>
            </param>
            <param index="1">
              <value>
                <![CDATA[900]]>
              </value>
            </param>
          </params>
          <reporter-output>
          </reporter-output>
        </test-method> <!-- checkResolutionForSliPages -->
        <test-method signature="checkResolutionForSliPages(int,int)[pri:0, instance:GeeksTestCases.SliPages@68f4865]" started-at="2022-04-13T15:31:51 IST" name="checkResolutionForSliPages" data-provider="windowResolution" finished-at="2022-04-13T15:33:09 IST" duration-ms="77422" status="PASS">
          <params>
            <param index="0">
              <value>
                <![CDATA[1680]]>
              </value>
            </param>
            <param index="1">
              <value>
                <![CDATA[1050]]>
              </value>
            </param>
          </params>
          <reporter-output>
          </reporter-output>
        </test-method> <!-- checkResolutionForSliPages -->
        <test-method signature="checkResolutionForSliPages(int,int)[pri:0, instance:GeeksTestCases.SliPages@68f4865]" started-at="2022-04-13T15:33:09 IST" name="checkResolutionForSliPages" data-provider="windowResolution" finished-at="2022-04-13T15:34:28 IST" duration-ms="79368" status="PASS">
          <params>
            <param index="0">
              <value>
                <![CDATA[1280]]>
              </value>
            </param>
            <param index="1">
              <value>
                <![CDATA[720]]>
              </value>
            </param>
          </params>
          <reporter-output>
          </reporter-output>
        </test-method> <!-- checkResolutionForSliPages -->
        <test-method signature="checkResolutionForSliPages(int,int)[pri:0, instance:GeeksTestCases.SliPages@68f4865]" started-at="2022-04-13T15:34:28 IST" name="checkResolutionForSliPages" data-provider="windowResolution" finished-at="2022-04-13T15:35:44 IST" duration-ms="76010" status="PASS">
          <params>
            <param index="0">
              <value>
                <![CDATA[1536]]>
              </value>
            </param>
            <param index="1">
              <value>
                <![CDATA[864]]>
              </value>
            </param>
          </params>
          <reporter-output>
          </reporter-output>
        </test-method> <!-- checkResolutionForSliPages -->
      </class> <!-- GeeksTestCases.SliPages -->
      <class name="GeeksTestCases.WidgetsPages">
        <test-method is-config="true" signature="setUp()[pri:0, instance:GeeksTestCases.WidgetsPages@f99f5e0]" started-at="2022-04-13T15:24:57 IST" name="setUp" finished-at="2022-04-13T15:24:57 IST" duration-ms="19" status="PASS">
          <reporter-output>
          </reporter-output>
        </test-method> <!-- setUp -->
        <test-method signature="checkResolutionForWidgets(int,int)[pri:0, instance:GeeksTestCases.WidgetsPages@f99f5e0]" started-at="2022-04-13T15:24:57 IST" name="checkResolutionForWidgets" data-provider="windowResolution" finished-at="2022-04-13T15:25:19 IST" duration-ms="22420" status="PASS">
          <params>
            <param index="0">
              <value>
                <![CDATA[1536]]>
              </value>
            </param>
            <param index="1">
              <value>
                <![CDATA[864]]>
              </value>
            </param>
          </params>
          <reporter-output>
          </reporter-output>
        </test-method> <!-- checkResolutionForWidgets -->
      </class> <!-- GeeksTestCases.WidgetsPages -->
    </test> <!-- Test -->
  </suite> <!-- Suite -->
</testng-results>
