<?xml version="1.0" encoding="UTF-8"?>
<testng-results ignored="0" total="1" passed="1" failed="0" skipped="0">
  <reporter-output>
  </reporter-output>
  <suite started-at="2022-04-13T13:59:19 IST" name="Default suite" finished-at="2022-04-13T13:59:38 IST" duration-ms="18419">
    <groups>
    </groups>
    <test started-at="2022-04-13T13:59:19 IST" name="Default test" finished-at="2022-04-13T13:59:38 IST" duration-ms="18419">
      <class name="GeeksTestCases.WidgetsPages">
        <test-method is-config="true" signature="setUp()[pri:0, instance:GeeksTestCases.WidgetsPages@130c12b7]" started-at="2022-04-13T13:59:19 IST" name="setUp" finished-at="2022-04-13T13:59:19 IST" duration-ms="68" status="PASS">
          <reporter-output>
          </reporter-output>
        </test-method> <!-- setUp -->
        <test-method signature="checkResolutionForWidgets(int,int)[pri:0, instance:GeeksTestCases.WidgetsPages@130c12b7]" started-at="2022-04-13T13:59:19 IST" name="checkResolutionForWidgets" data-provider="windowResolution" finished-at="2022-04-13T13:59:38 IST" duration-ms="18398" status="PASS">
          <params>
            <param index="0">
              <value>
                <![CDATA[1536]]>
              </value>
            </param>
            <param index="1">
              <value>
                <![CDATA[864]]>
              </value>
            </param>
          </params>
          <reporter-output>
          </reporter-output>
        </test-method> <!-- checkResolutionForWidgets -->
      </class> <!-- GeeksTestCases.WidgetsPages -->
    </test> <!-- Default test -->
  </suite> <!-- Default suite -->
</testng-results>
